d:\projects\directx11projects\splineapp\debug\vc142.pdb
d:\projects\directx11projects\splineapp\debug\vc142.idb
d:\projects\directx11projects\splineapp\debug\splinemesh.obj
d:\projects\directx11projects\splineapp\debug\main.obj
d:\projects\directx11projects\splineapp\debug\colourshader.obj
d:\projects\directx11projects\splineapp\debug\app1.obj
d:\projects\directx11projects\splineapp\debug\defaultshader.obj
d:\projects\directx11projects\splineapp\debug\meshinstance.obj
d:\projects\directx11projects\splineapp\debug\linemesh.obj
d:\projects\directx11projects\splineapp\debug\linecontroller.obj
d:\projects\directx11projects\splineapp\debug\coastercamera.obj
d:\projects\directx11projects\splineapp\debug\trackpiece.obj
d:\projects\directx11projects\splineapp\debug\straight.obj
d:\projects\directx11projects\splineapp\debug\tracksettings.obj
d:\projects\directx11projects\splineapp\debug\track.obj
d:\projects\directx11projects\splineapp\debug\rightturn.obj
d:\projects\directx11projects\splineapp\debug\trackbuilder.obj
d:\projects\directx11projects\splineapp\debug\leftturn.obj
d:\projects\directx11projects\splineapp\debug\climbstart.obj
d:\projects\directx11projects\splineapp\debug\climbup.obj
d:\projects\directx11projects\splineapp\debug\climbdown.obj
d:\projects\directx11projects\splineapp\debug\completetrack.obj
d:\projects\directx11projects\splineapp\debug\longstraight.obj
d:\projects\directx11projects\splineapp\debug\loop.obj
d:\projects\directx11projects\splineapp\default_ps.cso
d:\projects\directx11projects\splineapp\default_vs.cso
d:\projects\directx11projects\splineapp\colour_vs.cso
d:\projects\directx11projects\splineapp\colour_ps.cso
d:\projects\directx11projects\debug\splineapp.exe
d:\projects\directx11projects\debug\splineapp.ilk
d:\projects\directx11projects\debug\splineapp.pdb
d:\projects\directx11projects\splineapp\debug\linemesh.obj.enc
d:\projects\directx11projects\splineapp\debug\splinemesh.obj.enc
d:\projects\directx11projects\splineapp\debug\vc140.idb
d:\projects\directx11projects\splineapp\debug\vc140.pdb
d:\projects\directx11projects\splineapp\debug\splineapp.tlog\cl.command.1.tlog
d:\projects\directx11projects\splineapp\debug\splineapp.tlog\cl.read.1.tlog
d:\projects\directx11projects\splineapp\debug\splineapp.tlog\cl.write.1.tlog
d:\projects\directx11projects\splineapp\debug\splineapp.tlog\fxc.command.1.tlog
d:\projects\directx11projects\splineapp\debug\splineapp.tlog\fxc.read.1.tlog
d:\projects\directx11projects\splineapp\debug\splineapp.tlog\fxc.write.1.tlog
d:\projects\directx11projects\splineapp\debug\splineapp.tlog\link.command.1.tlog
d:\projects\directx11projects\splineapp\debug\splineapp.tlog\link.read.1.tlog
d:\projects\directx11projects\splineapp\debug\splineapp.tlog\link.write.1.tlog
